<?xml version="1.0" encoding="UTF-8"?>
<!-- Generated by org.testng.reporters.JUnitReportReporter -->
<testsuite hostname="LAPTOP-43Q7UNA5" failures="0" tests="1" name="name.onetwo.Abc" time="0.012" errors="0" timestamp="10 Nov 2021 00:58:22 GMT" skipped="0">
  <testcase classname="name.onetwo.Abc" name="test" time="0.012"/>
</testsuite> <!-- name.onetwo.Abc -->
